<?xml version="1.0" encoding="UTF-8"?>
<!-- Generated by org.testng.reporters.JUnitReportReporter -->
<testsuite hostname="LAPTOP-1R3TTO0K" failures="0" tests="1" name="demo1.Searchproduct" time="20.112" errors="0" timestamp="2020-07-19T15:56:40 IST" skipped="0">
  <testcase classname="demo1.Searchproduct" name="search" time="20.112"/>
  <system-out/>
</testsuite> <!-- demo1.Searchproduct -->
