<?xml version="1.0" encoding="UTF-8"?>
<!-- Generated by org.testng.reporters.JUnitReportReporter -->
<testsuite hostname="LAPTOP-1R3TTO0K" failures="0" tests="1" name="demo1.AddToCart" time="23.566" errors="0" timestamp="2020-07-19T16:01:16 IST" skipped="0">
  <testcase classname="demo1.AddToCart" name="addToCartTest" time="23.566"/>
  <system-out/>
</testsuite> <!-- demo1.AddToCart -->
