<?xml version="1.0" encoding="UTF-8"?>
<!-- Generated by org.testng.reporters.JUnitReportReporter -->
<testsuite hostname="LAPTOP-1R3TTO0K" failures="0" tests="1" name="demo1.Login" time="28.208" errors="0" timestamp="2020-07-19T17:26:48 IST" skipped="0">
  <testcase classname="demo1.Login" name="loginTest" time="28.208"/>
  <system-out/>
</testsuite> <!-- demo1.Login -->
